<?xml version="1.0" encoding="UTF-8"?>
<!-- Generated by org.testng.reporters.JUnitReportReporter -->
<testsuite hostname="DESKTOP-P577LMI" failures="0" tests="4" name="testCases.Day4" time="0.058" errors="0" timestamp="2023-10-10T13:37:04 IST" skipped="0">
  <testcase classname="testCases.Day4" name="mobileLoginSignIn" time="0.012"/>
  <testcase classname="testCases.Day4" name="webLoginHomeLoan" time="0.022"/>
  <testcase classname="testCases.Day4" name="apiLoginHomeLoan" time="0.016"/>
  <testcase classname="testCases.Day4" name="mobileLoginSignOut" time="0.008"/>
</testsuite> <!-- testCases.Day4 -->
