<?xml version="1.0" encoding="UTF-8"?>
<!-- Generated by org.testng.reporters.JUnitReportReporter -->
<testsuite hostname="DESKTOP-P577LMI" failures="0" tests="3" name="testCases.Day3" time="0.020" errors="0" timestamp="2023-10-10T13:37:04 IST" skipped="0">
  <testcase classname="testCases.Day3" name="mobileLoginCarLoan" time="0.012"/>
  <testcase classname="testCases.Day3" name="webLoginCarLoan" time="0.005"/>
  <testcase classname="testCases.Day3" name="apiLoginCarLoan" time="0.003"/>
</testsuite> <!-- testCases.Day3 -->
