<?xml version="1.0" encoding="UTF-8"?>
<!-- Generated by org.testng.reporters.JUnitReportReporter -->
<testsuite hostname="DESKTOP-P577LMI" failures="0" tests="1" name="testCases.Day2" time="0.003" errors="0" timestamp="2023-10-10T13:37:04 IST" skipped="0">
  <testcase classname="testCases.Day2" name="demo3" time="0.003"/>
</testsuite> <!-- testCases.Day2 -->
