<?xml version="1.0" encoding="UTF-8"?>
<!-- Generated by org.testng.reporters.JUnitReportReporter -->
<testsuite hostname="DESKTOP-P577LMI" failures="0" tests="2" name="testCases.Day1" time="0.038" errors="0" timestamp="2023-10-10T13:37:04 IST" skipped="0">
  <testcase classname="testCases.Day1" name="demo1" time="0.025"/>
  <testcase classname="testCases.Day1" name="demo2" time="0.013"/>
</testsuite> <!-- testCases.Day1 -->
